  animatedSprite.cpp
c:\users\juan manuel\desktop\motorjuego_2\sdlengine\sdlManager.h(16): fatal error C1083: Cannot open include file: 'SDL.h': No such file or directory
  Bullet.cpp
c:\users\juan manuel\desktop\motorjuego_2\sdlengine\sdlManager.h(16): fatal error C1083: Cannot open include file: 'SDL.h': No such file or directory
  Enemigo_A.cpp
c:\users\juan manuel\desktop\motorjuego_2\sdlengine\sdlManager.h(16): fatal error C1083: Cannot open include file: 'SDL.h': No such file or directory
  Enemigo_B.cpp
c:\users\juan manuel\desktop\motorjuego_2\sdlengine\sdlManager.h(16): fatal error C1083: Cannot open include file: 'SDL.h': No such file or directory
  Enemigo_C.cpp
c:\users\juan manuel\desktop\motorjuego_2\sdlengine\sdlManager.h(16): fatal error C1083: Cannot open include file: 'SDL.h': No such file or directory
  gameManager.cpp
c:\users\juan manuel\desktop\motorjuego_2\sdlengine\sdlManager.h(16): fatal error C1083: Cannot open include file: 'SDL.h': No such file or directory
  Heroe.cpp
c:\users\juan manuel\desktop\motorjuego_2\sdlengine\sdlManager.h(16): fatal error C1083: Cannot open include file: 'SDL.h': No such file or directory
  main.cpp
c:\users\juan manuel\desktop\motorjuego_2\sdlengine\sdlManager.h(16): fatal error C1083: Cannot open include file: 'SDL.h': No such file or directory
  Musica.cpp
c:\users\juan manuel\desktop\motorjuego_2\sdlengine\sdlManager.h(16): fatal error C1083: Cannot open include file: 'SDL.h': No such file or directory
  Nave.cpp
c:\users\juan manuel\desktop\motorjuego_2\sdlengine\sdlManager.h(16): fatal error C1083: Cannot open include file: 'SDL.h': No such file or directory
  sdlManager.cpp
c:\users\juan manuel\desktop\motorjuego_2\sdlengine\sdlManager.h(16): fatal error C1083: Cannot open include file: 'SDL.h': No such file or directory
  sprite.cpp
c:\users\juan manuel\desktop\motorjuego_2\sdlengine\sdlManager.h(16): fatal error C1083: Cannot open include file: 'SDL.h': No such file or directory
  textSprite.cpp
c:\users\juan manuel\desktop\motorjuego_2\sdlengine\sdlManager.h(16): fatal error C1083: Cannot open include file: 'SDL.h': No such file or directory
  timer.cpp
c:\users\juan manuel\desktop\motorjuego_2\sdlengine\sdlManager.h(16): fatal error C1083: Cannot open include file: 'SDL.h': No such file or directory
